<?xml version="1.0" encoding="UTF-8"?>
<!-- Generated by org.testng.reporters.JUnitReportReporter -->
<testsuite hostname="DESKTOP-2J9SME7" failures="0" tests="4" name="project.auto" time="12.291" errors="0" timestamp="2021-04-22T11:41:08 IST" skipped="0">
  <testcase classname="project.auto" name="testcse4" time="3.541"/>
  <system-out/>
  <testcase classname="project.auto" name="testcse1" time="3.759"/>
  <system-out/>
  <testcase classname="project.auto" name="testcse3" time="2.097"/>
  <system-out/>
  <testcase classname="project.auto" name="testcse5" time="2.894"/>
  <system-out/>
</testsuite> <!-- project.auto -->
