<?xml version="1.0" encoding="UTF-8"?>
<!-- Generated by org.testng.reporters.JUnitReportReporter -->
<testsuite hostname="DESKTOP-2J9SME7" failures="0" tests="3" name="project.facultydash" time="18.606" errors="0" timestamp="2021-06-12T15:35:12 IST" skipped="0">
  <testcase classname="project.facultydash" name="testcse3" time="7.645"/>
  <system-out/>
  <testcase classname="project.facultydash" name="testcse1" time="5.593"/>
  <system-out/>
  <testcase classname="project.facultydash" name="testcse2" time="5.368"/>
  <system-out/>
</testsuite> <!-- project.facultydash -->
