<?xml version="1.0" encoding="UTF-8"?>
<!-- Generated by org.testng.reporters.JUnitReportReporter -->
<testsuite hostname="DESKTOP-2J9SME7" failures="0" tests="4" name="project.admin" time="15.376" errors="0" timestamp="2021-06-12T15:33:40 IST" skipped="0">
  <testcase classname="project.admin" name="testcse1" time="2.810"/>
  <system-out/>
  <testcase classname="project.admin" name="testcse2" time="3.023"/>
  <system-out/>
  <testcase classname="project.admin" name="testcse4" time="3.475"/>
  <system-out/>
  <testcase classname="project.admin" name="testcse3" time="6.068"/>
  <system-out/>
</testsuite> <!-- project.admin -->
