<?xml version="1.0" encoding="UTF-8"?>
<!-- Generated by org.testng.reporters.JUnitReportReporter -->
<testsuite hostname="DESKTOP-2J9SME7" failures="0" tests="6" name="project.faculty" time="21.217" errors="0" timestamp="2021-06-12T15:34:18 IST" skipped="0">
  <testcase classname="project.faculty" name="testcse5" time="3.682"/>
  <system-out/>
  <testcase classname="project.faculty" name="testcse6" time="4.301"/>
  <system-out/>
  <testcase classname="project.faculty" name="testcse1" time="2.840"/>
  <system-out/>
  <testcase classname="project.faculty" name="testcse3" time="4.267"/>
  <system-out/>
  <testcase classname="project.faculty" name="testcse2" time="3.195"/>
  <system-out/>
  <testcase classname="project.faculty" name="testcse4" time="2.932"/>
  <system-out/>
</testsuite> <!-- project.faculty -->
