<?xml version="1.0" encoding="UTF-8"?>
<!-- Generated by org.testng.reporters.JUnitReportReporter -->
<testsuite hostname="DESKTOP-2J9SME7" failures="0" tests="6" name="project.home" time="24.134" errors="0" timestamp="2021-06-12T15:32:46 IST" skipped="0">
  <testcase classname="project.home" name="testcse3" time="3.454"/>
  <system-out/>
  <testcase classname="project.home" name="testcse1" time="3.243"/>
  <system-out/>
  <testcase classname="project.home" name="testcse6" time="4.362"/>
  <system-out/>
  <testcase classname="project.home" name="testcse2" time="3.287"/>
  <system-out/>
  <testcase classname="project.home" name="testcse4" time="4.791"/>
  <system-out/>
  <testcase classname="project.home" name="testcse5" time="4.997"/>
  <system-out/>
</testsuite> <!-- project.home -->
