<?xml version="1.0" encoding="UTF-8"?>
<!-- Generated by org.testng.reporters.JUnitReportReporter -->
<testsuite hostname="DESKTOP-2J9SME7" failures="0" tests="6" name="project.student" time="17.706" errors="0" timestamp="2021-06-12T10:34:32 IST" skipped="0">
  <testcase classname="project.student" name="testcse5" time="3.521"/>
  <system-out/>
  <testcase classname="project.student" name="testcse6" time="3.508"/>
  <system-out/>
  <testcase classname="project.student" name="testcse1" time="3.021"/>
  <system-out/>
  <testcase classname="project.student" name="testcse3" time="2.415"/>
  <system-out/>
  <testcase classname="project.student" name="testcse2" time="2.243"/>
  <system-out/>
  <testcase classname="project.student" name="testcse4" time="2.998"/>
  <system-out/>
</testsuite> <!-- project.student -->
